<?xml version="1.0" encoding="UTF-8"?>
<!-- Generated by org.testng.reporters.JUnitXMLReporter -->
<testsuite ignored="0" hostname="DESKTOP-LQSVVBR" failures="0" tests="3" name="module 2" time="0.016" errors="0" timestamp="2023-05-16T14:01:03 IST">
  <testcase classname="TestNG_Demo.Class_Three" name="classTwoTest1" time="0.002"/>
  <testcase classname="TestNG_Demo.Class_Three" name="classTwoTest2" time="0.002"/>
  <testcase classname="TestNG_Demo.Class_Three" name="classTwoTest3" time="0.002"/>
</testsuite> <!-- module 2 -->
