<?xml version="1.0" encoding="UTF-8"?>
<!-- Generated by org.testng.reporters.JUnitXMLReporter -->
<testsuite ignored="0" hostname="DESKTOP-LQSVVBR" failures="0" tests="6" name="module 1" time="0.118" errors="0" timestamp="2023-05-16T14:01:02 IST">
  <testcase classname="TestNG_Demo.Class_One" name="classOneTest1" time="0.015"/>
  <testcase classname="TestNG_Demo.Class_One" name="classOneTest2" time="0.006"/>
  <testcase classname="TestNG_Demo.Class_One" name="classOneTest3" time="0.002"/>
  <testcase classname="TestNG_Demo.Class_Two" name="classTwoTest1" time="0.002"/>
  <testcase classname="TestNG_Demo.Class_Two" name="classTwoTest2" time="0.002"/>
  <testcase classname="TestNG_Demo.Class_Two" name="classTwoTest3" time="0.001"/>
</testsuite> <!-- module 1 -->
