<?xml version="1.0" encoding="UTF-8"?>
<!-- Generated by org.testng.reporters.JUnitXMLReporter -->
<testsuite ignored="0" hostname="DESKTOP-LQSVVBR" failures="0" tests="5" name="carrer" time="28.131" errors="0" timestamp="2023-05-18T07:03:55 IST">
  <testcase classname="TestNG_RealProject.JobSites" name="foundit" time="7.235"/>
  <testcase classname="TestNG_RealProject.JobSites" name="naukri" time="5.548"/>
  <testcase classname="TestNG_RealProject.JobSites" name="shine" time="2.252"/>
  <testcase classname="TestNG_RealProject.TutorialSites" name="java" time="2.584"/>
  <testcase classname="TestNG_RealProject.TutorialSites" name="w3Schools" time="1.476"/>
</testsuite> <!-- carrer -->
