<?xml version="1.0" encoding="UTF-8"?>
<!-- Generated by org.testng.reporters.JUnitXMLReporter -->
<testsuite ignored="0" hostname="DESKTOP-LQSVVBR" failures="2" tests="4" name="general" time="14.385" errors="0" timestamp="2023-05-18T07:03:27 IST">
  <testcase classname="TestNG_RealProject.SocialSites" name="faceBook" time="2.692">
    <failure type="java.lang.AssertionError" message="This is not Instagram expected [FacebookInsta] but found [Facebook – log in or sign up]">
      <![CDATA[java.lang.AssertionError: This is not Instagram expected [FacebookInsta] but found [Facebook – log in or sign up]
at TestNG_RealProject.SocialSites.faceBook(SocialSites.java:48)
at java.base/java.util.ArrayList.forEach(ArrayList.java:1511)
... Removed 32 stack frames]]>
    </failure>
  </testcase> <!-- faceBook -->
  <testcase classname="TestNG_RealProject.SocialSites" name="gmail" time="1.73"/>
  <testcase classname="TestNG_RealProject.SocialSites" name="instagram" time="1.376">
    <failure type="java.lang.AssertionError" message="This is not Instagram expected [InstaFB] but found [Instagram]">
      <![CDATA[java.lang.AssertionError: This is not Instagram expected [InstaFB] but found [Instagram]
at TestNG_RealProject.SocialSites.instagram(SocialSites.java:62)
at java.base/java.util.ArrayList.forEach(ArrayList.java:1511)
... Removed 32 stack frames]]>
    </failure>
  </testcase> <!-- instagram -->
  <testcase classname="TestNG_RealProject.SocialSites" name="twitter" time="1.341"/>
</testsuite> <!-- general -->
