<?xml version="1.0" encoding="UTF-8"?>
<testng-results ignored="0" total="1" passed="1" failed="0" skipped="0">
  <reporter-output>
  </reporter-output>
  <suite started-at="2023-05-24T20:19:42 IST" name="Default suite" finished-at="2023-05-24T20:19:57 IST" duration-ms="14690">
    <groups>
    </groups>
    <test started-at="2023-05-24T20:19:42 IST" name="Default test" finished-at="2023-05-24T20:19:57 IST" duration-ms="14690">
      <class name="PageObjectModel.RegistrationTest.Login_Test">
        <test-method is-config="true" signature="initExtent()[pri:0, instance:PageObjectModel.RegistrationTest.Login_Test@c730b35]" started-at="2023-05-24T20:19:42 IST" name="initExtent" finished-at="2023-05-24T20:19:43 IST" duration-ms="374" status="PASS">
          <reporter-output>
          </reporter-output>
        </test-method> <!-- initExtent -->
        <test-method signature="verifylogintest()[pri:0, instance:PageObjectModel.RegistrationTest.Login_Test@c730b35]" started-at="2023-05-24T20:19:43 IST" name="verifylogintest" finished-at="2023-05-24T20:19:56 IST" duration-ms="13777" status="PASS">
          <reporter-output>
          </reporter-output>
        </test-method> <!-- verifylogintest -->
        <test-method is-config="true" signature="writeReport()[pri:0, instance:PageObjectModel.RegistrationTest.Login_Test@c730b35]" started-at="2023-05-24T20:19:56 IST" name="writeReport" finished-at="2023-05-24T20:19:57 IST" duration-ms="479" status="PASS">
          <reporter-output>
          </reporter-output>
        </test-method> <!-- writeReport -->
      </class> <!-- PageObjectModel.RegistrationTest.Login_Test -->
    </test> <!-- Default test -->
  </suite> <!-- Default suite -->
</testng-results>
